<?xml version="1.0" encoding="UTF-8"?>
<testng-results ignored="0" total="1" passed="1" failed="0" skipped="0">
  <reporter-output>
  </reporter-output>
  <suite started-at="2025-11-06T10:09:54 IST" name="Default suite" finished-at="2025-11-06T10:09:54 IST" duration-ms="164">
    <groups>
    </groups>
    <test started-at="2025-11-06T10:09:54 IST" name="Default test" finished-at="2025-11-06T10:09:54 IST" duration-ms="164">
      <class name="mavenpackage.MavenTest">
        <test-method signature="maven()[pri:0, instance:mavenpackage.MavenTest@618b19ad]" started-at="2025-11-06T10:09:54 IST" name="maven" finished-at="2025-11-06T10:09:54 IST" duration-ms="33" status="PASS">
          <reporter-output>
          </reporter-output>
        </test-method> <!-- maven -->
      </class> <!-- mavenpackage.MavenTest -->
    </test> <!-- Default test -->
  </suite> <!-- Default suite -->
</testng-results>
